<?xml version="1.0" encoding="UTF-8"?>
<!-- Generated by org.testng.reporters.JUnitReportReporter -->
<testsuite skipped="0" hostname="DESKTOP-Q24EDTB" name="com.leafBot.testcases.TC001_CreateLead" tests="3" failures="0" timestamp="05 Oct 2019 11:01:31 GMT" time="60.299" errors="0">
  <testcase name="runTC001" time="19.390" classname="com.leafBot.testcases.TC001_CreateLead"/>
  <testcase name="runTC001" time="19.204" classname="com.leafBot.testcases.TC001_CreateLead"/>
  <testcase name="runTC001" time="21.705" classname="com.leafBot.testcases.TC001_CreateLead"/>
</testsuite> <!-- com.leafBot.testcases.TC001_CreateLead -->
